2019-09-10 11:38:27,528 WARNING:
Completed CLA processing and logging to file: LOG_dataInsertMongoNYCrime5-nr1000k-nsk1000k-again.log
2019-09-10 11:38:27,529 WARNING:
Start time: Tue Sep 10 11:38:27 2019
2019-09-10 11:38:27,529 WARNING:#CLA passed = 7
2019-09-10 11:38:27,530 WARNING:Argument #0 = dataInsertMongoNYCrime5.py
2019-09-10 11:38:27,530 WARNING:Argument #1 = D:/EverythingD/01SRH-BDBA Acads/Blk7-DataStoryTelling/Data4Analysis/finalDataSourcesUsed4MongoAGAIN/NYPD_Complaint_Data_Historic.csv
2019-09-10 11:38:27,530 WARNING:Argument #2 = 1000000
2019-09-10 11:38:27,530 WARNING:Argument #3 = 1000000
2019-09-10 11:38:27,530 WARNING:Argument #4 = db2story
2019-09-10 11:38:27,530 WARNING:Argument #5 = coll21nyccrimedata
2019-09-10 11:38:27,530 WARNING:Argument #6 = LOG_dataInsertMongoNYCrime5-nr1000k-nsk1000k-again.log
2019-09-10 11:38:27,531 WARNING:
Reading CSV based on parameters
	nRowsRead = 1000000	nRowsSkip = 1000000
2019-09-10 11:38:27,540 WARNING:Found these columns:
		['CMPLNT_NUM', 'CMPLNT_FR_DT', 'CMPLNT_FR_TM', 'CMPLNT_TO_DT', 'CMPLNT_TO_TM', 'ADDR_PCT_CD', 'RPT_DT', 'KY_CD', 'OFNS_DESC', 'PD_CD', 'PD_DESC', 'CRM_ATPT_CPTD_CD', 'LAW_CAT_CD', 'BORO_NM', 'LOC_OF_OCCUR_DESC', 'PREM_TYP_DESC', 'JURIS_DESC', 'JURISDICTION_CODE', 'PARKS_NM', 'HADEVELOPT', 'HOUSING_PSA', 'X_COORD_CD', 'Y_COORD_CD', 'SUSP_AGE_GROUP', 'SUSP_RACE', 'SUSP_SEX', 'TRANSIT_DISTRICT', 'Latitude', 'Longitude', 'Lat_Lon', 'PATROL_BORO', 'STATION_NAME', 'VIC_AGE_GROUP', 'VIC_RACE', 'VIC_SEX']

2019-09-10 11:38:27,545 WARNING:These columns will NOT be loaded:
		['Lat_Lon']

2019-09-10 11:38:27,545 WARNING:Reading 1000000 rows from CSV file into memory.
2019-09-10 11:38:31,955 WARNING:Finished reading the CSV file into the panda dataframe dfData.
2019-09-10 11:38:57,860 WARNING:		Db already has 1000000 records.
2019-09-10 11:38:57,860 WARNING:		Db already has 1000000 records.
2019-09-10 11:39:33,776 WARNING:				Insert Success -- Inserted 1000000 records.
2019-09-10 11:39:33,778 WARNING:		Now Db has 2000000 records.
2019-09-10 11:39:34,699 WARNING:Insertion into Mongo success, RC=0.
2019-09-10 11:39:34,701 WARNING:#Count of rows read from input CSV = 0
2019-09-10 11:39:34,704 WARNING:#Total writes to Mongo = 1000000
2019-09-10 11:39:34,704 WARNING:#Total failed writes to output CSV = 0
2019-09-10 11:39:34,706 WARNING:
End time of program: Tue Sep 10 11:39:34 2019
